<?xml version="1.0" encoding="UTF-8"?>
<!-- Generated by org.testng.reporters.JUnitXMLReporter -->
<testsuite hostname="DESKTOP-BNEULTM" ignored="0" name="Test" tests="2" failures="0" timestamp="2020-03-31T22:26:29 CEST" time="50.94" errors="0">
  <testcase name="@AfterTest terminate" time="0.002" classname="dev.payference.LoginPageTest">
    <failure type="java.lang.NullPointerException">
      <![CDATA[java.lang.NullPointerException
at dev.payference.LoginPageTest.terminate(LoginPageTest.java:34)
... Removed 24 stack frames]]>
    </failure>
  </testcase> <!-- @AfterTest terminate -->
  <testcase name="landingPageNav" time="0.585" classname="dev.payference.LoginPageTest"/>
  <testcase name="homepageEvents" time="20.703" classname="dev.payference.HomePageTest"/>
</testsuite> <!-- Test -->
