<?xml version="1.0" encoding="UTF-8"?>
<!-- Generated by org.testng.reporters.JUnitXMLReporter -->
<testsuite hostname="DESKTOP-BNEULTM" ignored="0" name="LoginAndHomePage" tests="3" failures="0" timestamp="2020-03-31T23:41:25 CEST" time="77.087" errors="0">
  <testcase name="landingPageNav" time="0.393" classname="dev.payference.LoginPageTest"/>
  <testcase name="demo" time="12.072" classname="dev.payference.HomePageTest"/>
  <testcase name="homepageEvents" time="48.871" classname="dev.payference.HomePageTest"/>
</testsuite> <!-- LoginAndHomePage -->
