<?xml version="1.0" encoding="UTF-8"?>
<testng-results skipped="0" failed="0" ignored="0" total="1" passed="1">
  <reporter-output>
  </reporter-output>
  <suite name="Suite" duration-ms="15719" started-at="2020-03-31T17:21:58 CEST" finished-at="2020-03-31T17:22:14 CEST">
    <groups>
    </groups>
    <test name="Test" duration-ms="15719" started-at="2020-03-31T17:21:58 CEST" finished-at="2020-03-31T17:22:14 CEST">
      <class name="dev.payference.LoginPageTest">
        <test-method status="PASS" signature="initialize()[pri:0, instance:dev.payference.LoginPageTest@1ce92674]" name="initialize" is-config="true" duration-ms="14125" started-at="2020-03-31T17:21:59 CEST" finished-at="2020-03-31T17:22:13 CEST">
          <reporter-output>
          </reporter-output>
        </test-method> <!-- initialize -->
        <test-method status="PASS" signature="landingPageNav()[pri:0, instance:dev.payference.LoginPageTest@1ce92674]" name="landingPageNav" duration-ms="391" started-at="2020-03-31T17:22:13 CEST" finished-at="2020-03-31T17:22:13 CEST">
          <reporter-output>
          </reporter-output>
        </test-method> <!-- landingPageNav -->
        <test-method status="PASS" signature="terminate()[pri:0, instance:dev.payference.LoginPageTest@1ce92674]" name="terminate" is-config="true" duration-ms="1142" started-at="2020-03-31T17:22:13 CEST" finished-at="2020-03-31T17:22:14 CEST">
          <reporter-output>
          </reporter-output>
        </test-method> <!-- terminate -->
      </class> <!-- dev.payference.LoginPageTest -->
    </test> <!-- Test -->
  </suite> <!-- Suite -->
</testng-results>
