<?xml version="1.0" encoding="UTF-8"?>
<testng-results skipped="0" failed="0" ignored="0" total="1" passed="1">
  <reporter-output>
  </reporter-output>
  <suite name="Suite" duration-ms="17467" started-at="2020-03-31T17:06:43 CEST" finished-at="2020-03-31T17:07:00 CEST">
    <groups>
    </groups>
    <test name="Test" duration-ms="17467" started-at="2020-03-31T17:06:43 CEST" finished-at="2020-03-31T17:07:00 CEST">
      <class name="dev.payference.LoginPageTest">
        <test-method status="PASS" signature="initialize()[pri:0, instance:dev.payference.LoginPageTest@1e6d1014]" name="initialize" is-config="true" duration-ms="16346" started-at="2020-03-31T17:06:43 CEST" finished-at="2020-03-31T17:06:59 CEST">
          <reporter-output>
          </reporter-output>
        </test-method> <!-- initialize -->
        <test-method status="PASS" signature="landingPageNav()[pri:0, instance:dev.payference.LoginPageTest@1e6d1014]" name="landingPageNav" duration-ms="339" started-at="2020-03-31T17:06:59 CEST" finished-at="2020-03-31T17:06:59 CEST">
          <reporter-output>
          </reporter-output>
        </test-method> <!-- landingPageNav -->
        <test-method status="PASS" signature="terminate()[pri:0, instance:dev.payference.LoginPageTest@1e6d1014]" name="terminate" is-config="true" duration-ms="733" started-at="2020-03-31T17:06:59 CEST" finished-at="2020-03-31T17:07:00 CEST">
          <reporter-output>
          </reporter-output>
        </test-method> <!-- terminate -->
      </class> <!-- dev.payference.LoginPageTest -->
    </test> <!-- Test -->
  </suite> <!-- Suite -->
</testng-results>
